<?xml version="1.0" encoding="UTF-8"?>
<coverage generated="1571159568045" clover="3.2.0">
  <project timestamp="1571159568045" name="All files">
    <metrics statements="39" coveredstatements="39" conditionals="16" coveredconditionals="15" methods="10" coveredmethods="10" elements="65" coveredelements="64" complexity="0" loc="39" ncloc="39" packages="1" files="1" classes="1"/>
    <file name="index.ts" path="/home/benjamin/Development/slims/lib-lib/src/index.ts">
      <metrics statements="39" coveredstatements="39" conditionals="16" coveredconditionals="15" methods="10" coveredmethods="10"/>
      <line num="1" count="1" type="stmt"/>
      <line num="12" count="14" type="stmt"/>
      <line num="13" count="14" type="stmt"/>
      <line num="14" count="14" type="stmt"/>
      <line num="15" count="14" type="cond" truecount="4" falsecount="0"/>
      <line num="16" count="3" type="stmt"/>
      <line num="18" count="11" type="cond" truecount="2" falsecount="0"/>
      <line num="19" count="11" type="cond" truecount="2" falsecount="0"/>
      <line num="20" count="11" type="stmt"/>
      <line num="21" count="11" type="stmt"/>
      <line num="22" count="11" type="stmt"/>
      <line num="23" count="11" type="stmt"/>
      <line num="27" count="6" type="stmt"/>
      <line num="28" count="6" type="stmt"/>
      <line num="29" count="6" type="stmt"/>
      <line num="30" count="60" type="cond" truecount="2" falsecount="0"/>
      <line num="31" count="60" type="stmt"/>
      <line num="33" count="6" type="stmt"/>
      <line num="37" count="5" type="stmt"/>
      <line num="38" count="5" type="stmt"/>
      <line num="39" count="65" type="cond" truecount="2" falsecount="0"/>
      <line num="41" count="5" type="stmt"/>
      <line num="45" count="7" type="cond" truecount="2" falsecount="0"/>
      <line num="46" count="4" type="stmt"/>
      <line num="48" count="3" type="stmt"/>
      <line num="52" count="2" type="stmt"/>
      <line num="53" count="2" type="stmt"/>
      <line num="54" count="2" type="stmt"/>
      <line num="55" count="2" type="cond" truecount="1" falsecount="1"/>
      <line num="59" count="2" type="stmt"/>
      <line num="60" count="2" type="stmt"/>
      <line num="61" count="2" type="stmt"/>
      <line num="66" count="10" type="stmt"/>
      <line num="67" count="10" type="stmt"/>
      <line num="69" count="3" type="stmt"/>
      <line num="71" count="7" type="stmt"/>
      <line num="75" count="14" type="stmt"/>
      <line num="79" count="2" type="stmt"/>
      <line num="83" count="2" type="stmt"/>
    </file>
  </project>
</coverage>
