{"/home/benjamin/Development/slims/lib-lib/src/index.ts": {"path":"/home/benjamin/Development/slims/lib-lib/src/index.ts","statementMap":{"0":{"start":{"line":12,"column":17},"end":{"line":12,"column":60}},"1":{"start":{"line":13,"column":4},"end":{"line":13,"column":52}},"2":{"start":{"line":14,"column":4},"end":{"line":14,"column":50}},"3":{"start":{"line":15,"column":4},"end":{"line":17,"column":null}},"4":{"start":{"line":16,"column":6},"end":{"line":16,"column":38}},"5":{"start":{"line":18,"column":4},"end":{"line":18,"column":56}},"6":{"start":{"line":19,"column":19},"end":{"line":19,"column":56}},"7":{"start":{"line":20,"column":4},"end":{"line":20,"column":36}},"8":{"start":{"line":21,"column":4},"end":{"line":21,"column":40}},"9":{"start":{"line":22,"column":4},"end":{"line":22,"column":33}},"10":{"start":{"line":23,"column":4},"end":{"line":23,"column":21}},"11":{"start":{"line":27,"column":12},"end":{"line":27,"column":13}},"12":{"start":{"line":28,"column":12},"end":{"line":28,"column":13}},"13":{"start":{"line":29,"column":4},"end":{"line":32,"column":null}},"14":{"start":{"line":29,"column":17},"end":{"line":29,"column":18}},"15":{"start":{"line":30,"column":6},"end":{"line":30,"column":56}},"16":{"start":{"line":31,"column":6},"end":{"line":31,"column":13}},"17":{"start":{"line":33,"column":4},"end":{"line":33,"column":18}},"18":{"start":{"line":37,"column":12},"end":{"line":37,"column":13}},"19":{"start":{"line":38,"column":4},"end":{"line":40,"column":null}},"20":{"start":{"line":38,"column":17},"end":{"line":38,"column":18}},"21":{"start":{"line":39,"column":6},"end":{"line":39,"column":57}},"22":{"start":{"line":41,"column":4},"end":{"line":41,"column":18}},"23":{"start":{"line":45,"column":4},"end":{"line":47,"column":null}},"24":{"start":{"line":46,"column":6},"end":{"line":46,"column":47}},"25":{"start":{"line":48,"column":4},"end":{"line":48,"column":45}},"26":{"start":{"line":52,"column":17},"end":{"line":52,"column":57}},"27":{"start":{"line":53,"column":22},"end":{"line":53,"column":50}},"28":{"start":{"line":54,"column":23},"end":{"line":54,"column":44}},"29":{"start":{"line":55,"column":4},"end":{"line":55,"column":57}},"30":{"start":{"line":59,"column":17},"end":{"line":59,"column":68}},"31":{"start":{"line":60,"column":22},"end":{"line":60,"column":50}},"32":{"start":{"line":61,"column":4},"end":{"line":61,"column":42}},"33":{"start":{"line":66,"column":4},"end":{"line":70,"column":null}},"34":{"start":{"line":67,"column":6},"end":{"line":67,"column":33}},"35":{"start":{"line":69,"column":6},"end":{"line":69,"column":19}},"36":{"start":{"line":71,"column":4},"end":{"line":71,"column":27}},"37":{"start":{"line":75,"column":4},"end":{"line":75,"column":26}},"38":{"start":{"line":79,"column":4},"end":{"line":79,"column":39}},"39":{"start":{"line":83,"column":4},"end":{"line":83,"column":39}},"40":{"start":{"line":1,"column":0},"end":{"line":1,"column":13}}},"fnMap":{"0":{"name":"(anonymous_0)","decl":{"start":{"line":11,"column":2},"end":{"line":11,"column":14}},"loc":{"start":{"line":11,"column":29},"end":{"line":24,"column":3}}},"1":{"name":"(anonymous_1)","decl":{"start":{"line":26,"column":10},"end":{"line":26,"column":21}},"loc":{"start":{"line":26,"column":34},"end":{"line":34,"column":3}}},"2":{"name":"(anonymous_2)","decl":{"start":{"line":36,"column":10},"end":{"line":36,"column":21}},"loc":{"start":{"line":36,"column":34},"end":{"line":42,"column":3}}},"3":{"name":"(anonymous_3)","decl":{"start":{"line":44,"column":2},"end":{"line":44,"column":10}},"loc":{"start":{"line":44,"column":10},"end":{"line":49,"column":3}}},"4":{"name":"(anonymous_4)","decl":{"start":{"line":51,"column":2},"end":{"line":51,"column":10}},"loc":{"start":{"line":51,"column":10},"end":{"line":56,"column":3}}},"5":{"name":"(anonymous_5)","decl":{"start":{"line":58,"column":2},"end":{"line":58,"column":10}},"loc":{"start":{"line":58,"column":10},"end":{"line":62,"column":3}}},"6":{"name":"(anonymous_6)","decl":{"start":{"line":64,"column":2},"end":{"line":64,"column":8}},"loc":{"start":{"line":64,"column":33},"end":{"line":72,"column":3}}},"7":{"name":"(anonymous_7)","decl":{"start":{"line":74,"column":2},"end":{"line":74,"column":8}},"loc":{"start":{"line":74,"column":27},"end":{"line":76,"column":3}}},"8":{"name":"(anonymous_8)","decl":{"start":{"line":78,"column":2},"end":{"line":78,"column":8}},"loc":{"start":{"line":78,"column":30},"end":{"line":80,"column":3}}},"9":{"name":"(anonymous_9)","decl":{"start":{"line":82,"column":2},"end":{"line":82,"column":8}},"loc":{"start":{"line":82,"column":30},"end":{"line":84,"column":3}}}},"branchMap":{"0":{"loc":{"start":{"line":15,"column":4},"end":{"line":17,"column":null}},"type":"if","locations":[{"start":{"line":15,"column":4},"end":{"line":17,"column":null}},{"start":{"line":15,"column":4},"end":{"line":17,"column":null}}]},"1":{"loc":{"start":{"line":15,"column":8},"end":{"line":15,"column":22}},"type":"binary-expr","locations":[{"start":{"line":15,"column":8},"end":{"line":15,"column":22}},{"start":{"line":15,"column":26},"end":{"line":15,"column":40}}]},"2":{"loc":{"start":{"line":18,"column":31},"end":{"line":18,"column":47}},"type":"cond-expr","locations":[{"start":{"line":18,"column":31},"end":{"line":18,"column":47}},{"start":{"line":18,"column":50},"end":{"line":18,"column":55}}]},"3":{"loc":{"start":{"line":19,"column":46},"end":{"line":19,"column":47}},"type":"cond-expr","locations":[{"start":{"line":19,"column":46},"end":{"line":19,"column":47}},{"start":{"line":19,"column":50},"end":{"line":19,"column":51}}]},"4":{"loc":{"start":{"line":30,"column":29},"end":{"line":30,"column":31}},"type":"cond-expr","locations":[{"start":{"line":30,"column":29},"end":{"line":30,"column":31}},{"start":{"line":30,"column":34},"end":{"line":30,"column":55}}]},"5":{"loc":{"start":{"line":39,"column":50},"end":{"line":39,"column":51}},"type":"cond-expr","locations":[{"start":{"line":39,"column":50},"end":{"line":39,"column":51}},{"start":{"line":39,"column":54},"end":{"line":39,"column":55}}]},"6":{"loc":{"start":{"line":45,"column":4},"end":{"line":47,"column":null}},"type":"if","locations":[{"start":{"line":45,"column":4},"end":{"line":47,"column":null}},{"start":{"line":45,"column":4},"end":{"line":47,"column":null}}]},"7":{"loc":{"start":{"line":55,"column":39},"end":{"line":55,"column":42}},"type":"cond-expr","locations":[{"start":{"line":55,"column":39},"end":{"line":55,"column":42}},{"start":{"line":55,"column":45},"end":{"line":55,"column":55}}]}},"s":{"0":14,"1":14,"2":14,"3":14,"4":3,"5":11,"6":11,"7":11,"8":11,"9":11,"10":11,"11":6,"12":6,"13":6,"14":6,"15":60,"16":60,"17":6,"18":5,"19":5,"20":5,"21":65,"22":5,"23":7,"24":4,"25":3,"26":2,"27":2,"28":2,"29":2,"30":2,"31":2,"32":2,"33":10,"34":10,"35":3,"36":7,"37":14,"38":2,"39":2,"40":1},"f":{"0":14,"1":6,"2":5,"3":7,"4":2,"5":2,"6":10,"7":14,"8":2,"9":2},"b":{"0":[3,11],"1":[14,8],"2":[5,6],"3":[5,6],"4":[1,59],"5":[35,30],"6":[4,3],"7":[0,2]}}
}
