TN:
SF:/home/benjamin/Development/slims/lib-lib/src/index.ts
FN:11,(anonymous_0)
FN:26,(anonymous_1)
FN:36,(anonymous_2)
FN:44,(anonymous_3)
FN:51,(anonymous_4)
FN:58,(anonymous_5)
FN:64,(anonymous_6)
FN:74,(anonymous_7)
FN:78,(anonymous_8)
FN:82,(anonymous_9)
FNF:10
FNH:10
FNDA:14,(anonymous_0)
FNDA:6,(anonymous_1)
FNDA:5,(anonymous_2)
FNDA:7,(anonymous_3)
FNDA:2,(anonymous_4)
FNDA:2,(anonymous_5)
FNDA:10,(anonymous_6)
FNDA:14,(anonymous_7)
FNDA:2,(anonymous_8)
FNDA:2,(anonymous_9)
DA:1,1
DA:12,14
DA:13,14
DA:14,14
DA:15,14
DA:16,3
DA:18,11
DA:19,11
DA:20,11
DA:21,11
DA:22,11
DA:23,11
DA:27,6
DA:28,6
DA:29,6
DA:30,60
DA:31,60
DA:33,6
DA:37,5
DA:38,5
DA:39,65
DA:41,5
DA:45,7
DA:46,4
DA:48,3
DA:52,2
DA:53,2
DA:54,2
DA:55,2
DA:59,2
DA:60,2
DA:61,2
DA:66,10
DA:67,10
DA:69,3
DA:71,7
DA:75,14
DA:79,2
DA:83,2
LF:39
LH:39
BRDA:15,0,0,3
BRDA:15,0,1,11
BRDA:15,1,0,14
BRDA:15,1,1,8
BRDA:18,2,0,5
BRDA:18,2,1,6
BRDA:19,3,0,5
BRDA:19,3,1,6
BRDA:30,4,0,1
BRDA:30,4,1,59
BRDA:39,5,0,35
BRDA:39,5,1,30
BRDA:45,6,0,4
BRDA:45,6,1,3
BRDA:55,7,0,0
BRDA:55,7,1,2
BRF:16
BRH:15
end_of_record
